# JRE version: Java(TM) SE Runtime Environment (7.0_79-b15) (build 1.7.0_79-b15)
# Java VM: Java HotSpot(TM) Client VM (24.79-b02 mixed mode windows-x86 )
Heap
 def new generation   total 4928K, used 4844K [0x03c00000, 0x04150000, 0x09150000)
  eden space 4416K,  98% used [0x03c00000, 0x0403b210, 0x04050000)
  from space 512K, 100% used [0x04050000, 0x040d0000, 0x040d0000)
  to   space 512K,   0% used [0x040d0000, 0x040d0000, 0x04150000)
 tenured generation   total 10944K, used 1985K [0x09150000, 0x09c00000, 0x13c00000)
   the space 10944K,  18% used [0x09150000, 0x09340770, 0x09340800, 0x09c00000)
 compacting perm gen  total 12288K, used 5669K [0x13c00000, 0x14800000, 0x17c00000)
   the space 12288K,  46% used [0x13c00000, 0x14189438, 0x14189600, 0x14800000)
GC Heap History (10 events):
Event: 0.417 GC heap before
{Heap before GC invocations=1 (full 0):
 def new generation   total 4928K, used 4928K [0x03c00000, 0x04150000, 0x09150000)
  eden space 4416K, 100% used [0x03c00000, 0x04050000, 0x04050000)
  from space 512K, 100% used [0x040d0000, 0x04150000, 0x04150000)
  to   space 512K,   0% used [0x04050000, 0x04050000, 0x040d0000)
 tenured generation   total 10944K, used 568K [0x09150000, 0x09c00000, 0x13c00000)
   the space 10944K,   5% used [0x09150000, 0x091de330, 0x091de400, 0x09c00000)
 compacting perm gen  total 12288K, used 2922K [0x13c00000, 0x14800000, 0x17c00000)
   the space 12288K,  23% used [0x13c00000, 0x13eda8b0, 0x13edaa00, 0x14800000)
No shared spaces configured.
Event: 0.422 GC heap after
Heap after GC invocations=2 (full 0):
 def new generation   total 4928K, used 512K [0x03c00000, 0x04150000, 0x09150000)
  eden space 4416K,   0% used [0x03c00000, 0x03c00000, 0x04050000)
  from space 512K, 100% used [0x04050000, 0x040d0000, 0x040d0000)
  to   space 512K,   0% used [0x040d0000, 0x040d0000, 0x04150000)
 tenured generation   total 10944K, used 1127K [0x09150000, 0x09c00000, 0x13c00000)
   the space 10944K,  10% used [0x09150000, 0x09269cb0, 0x09269e00, 0x09c00000)
 compacting perm gen  total 12288K, used 2922K [0x13c00000, 0x14800000, 0x17c00000)
   the space 12288K,  23% used [0x13c00000, 0x13eda8b0, 0x13edaa00, 0x14800000)
No shared spaces configured.
}
Event: 0.498 GC heap before
{Heap before GC invocations=2 (full 0):
 def new generation   total 4928K, used 4928K [0x03c00000, 0x04150000, 0x09150000)
  eden space 4416K, 100% used [0x03c00000, 0x04050000, 0x04050000)
  from space 512K, 100% used [0x04050000, 0x040d0000, 0x040d0000)
  to   space 512K,   0% used [0x040d0000, 0x040d0000, 0x04150000)
 tenured generation   total 10944K, used 1127K [0x09150000, 0x09c00000, 0x13c00000)
   the space 10944K,  10% used [0x09150000, 0x09269cb0, 0x09269e00, 0x09c00000)
 compacting perm gen  total 12288K, used 3562K [0x13c00000, 0x14800000, 0x17c00000)
   the space 12288K,  28% used [0x13c00000, 0x13f7aa78, 0x13f7ac00, 0x14800000)
No shared spaces configured.
Event: 0.502 GC heap after
Heap after GC invocations=3 (full 0):
 def new generation   total 4928K, used 512K [0x03c00000, 0x04150000, 0x09150000)
  eden space 4416K,   0% used [0x03c00000, 0x03c00000, 0x04050000)
  from space 512K, 100% used [0x040d0000, 0x04150000, 0x04150000)
  to   space 512K,   0% used [0x04050000, 0x04050000, 0x040d0000)
 tenured generation   total 10944K, used 1430K [0x09150000, 0x09c00000, 0x13c00000)
   the space 10944K,  13% used [0x09150000, 0x092b59d8, 0x092b5a00, 0x09c00000)
 compacting perm gen  total 12288K, used 3562K [0x13c00000, 0x14800000, 0x17c00000)
   the space 12288K,  28% used [0x13c00000, 0x13f7aa78, 0x13f7ac00, 0x14800000)
No shared spaces configured.
}
Event: 0.549 GC heap before
{Heap before GC invocations=3 (full 0):
 def new generation   total 4928K, used 4928K [0x03c00000, 0x04150000, 0x09150000)
  eden space 4416K, 100% used [0x03c00000, 0x04050000, 0x04050000)
  from space 512K, 100% used [0x040d0000, 0x04150000, 0x04150000)
  to   space 512K,   0% used [0x04050000, 0x04050000, 0x040d0000)
 tenured generation   total 10944K, used 1430K [0x09150000, 0x09c00000, 0x13c00000)
   the space 10944K,  13% used [0x09150000, 0x092b59d8, 0x092b5a00, 0x09c00000)
 compacting perm gen  total 12288K, used 3885K [0x13c00000, 0x14800000, 0x17c00000)
   the space 12288K,  31% used [0x13c00000, 0x13fcb608, 0x13fcb800, 0x14800000)
No shared spaces configured.
Event: 0.551 GC heap after
Heap after GC invocations=4 (full 0):
 def new generation   total 4928K, used 506K [0x03c00000, 0x04150000, 0x09150000)
  eden space 4416K,   0% used [0x03c00000, 0x03c00000, 0x04050000)
  from space 512K,  98% used [0x04050000, 0x040ce970, 0x040d0000)
  to   space 512K,   0% used [0x040d0000, 0x040d0000, 0x04150000)
 tenured generation   total 10944K, used 1552K [0x09150000, 0x09c00000, 0x13c00000)
   the space 10944K,  14% used [0x09150000, 0x092d4228, 0x092d4400, 0x09c00000)
 compacting perm gen  total 12288K, used 3885K [0x13c00000, 0x14800000, 0x17c00000)
   the space 12288K,  31% used [0x13c00000, 0x13fcb608, 0x13fcb800, 0x14800000)
No shared spaces configured.
}
Event: 0.611 GC heap before
{Heap before GC invocations=4 (full 0):
 def new generation   total 4928K, used 4922K [0x03c00000, 0x04150000, 0x09150000)
  eden space 4416K, 100% used [0x03c00000, 0x04050000, 0x04050000)
  from space 512K,  98% used [0x04050000, 0x040ce970, 0x040d0000)
  to   space 512K,   0% used [0x040d0000, 0x040d0000, 0x04150000)
 tenured generation   total 10944K, used 1552K [0x09150000, 0x09c00000, 0x13c00000)
   the space 10944K,  14% used [0x09150000, 0x092d4228, 0x092d4400, 0x09c00000)
 compacting perm gen  total 12288K, used 4230K [0x13c00000, 0x14800000, 0x17c00000)
   the space 12288K,  34% used [0x13c00000, 0x14021860, 0x14021a00, 0x14800000)
No shared spaces configured.
Event: 0.613 GC heap after
Heap after GC invocations=5 (full 0):
 def new generation   total 4928K, used 489K [0x03c00000, 0x04150000, 0x09150000)
  eden space 4416K,   0% used [0x03c00000, 0x03c00000, 0x04050000)
  from space 512K,  95% used [0x040d0000, 0x0414a6f8, 0x04150000)
  to   space 512K,   0% used [0x04050000, 0x04050000, 0x040d0000)
 tenured generation   total 10944K, used 1653K [0x09150000, 0x09c00000, 0x13c00000)
   the space 10944K,  15% used [0x09150000, 0x092ed598, 0x092ed600, 0x09c00000)
 compacting perm gen  total 12288K, used 4230K [0x13c00000, 0x14800000, 0x17c00000)
   the space 12288K,  34% used [0x13c00000, 0x14021860, 0x14021a00, 0x14800000)
No shared spaces configured.
}
Event: 0.680 GC heap before
{Heap before GC invocations=5 (full 0):
 def new generation   total 4928K, used 4902K [0x03c00000, 0x04150000, 0x09150000)
  eden space 4416K,  99% used [0x03c00000, 0x0404f238, 0x04050000)
  from space 512K,  95% used [0x040d0000, 0x0414a6f8, 0x04150000)
  to   space 512K,   0% used [0x04050000, 0x04050000, 0x040d0000)
 tenured generation   total 10944K, used 1653K [0x09150000, 0x09c00000, 0x13c00000)
   the space 10944K,  15% used [0x09150000, 0x092ed598, 0x092ed600, 0x09c00000)
 compacting perm gen  total 12288K, used 4784K [0x13c00000, 0x14800000, 0x17c00000)
   the space 12288K,  38% used [0x13c00000, 0x140ac0e8, 0x140ac200, 0x14800000)
No shared spaces configured.
Event: 0.682 GC heap after
Heap after GC invocations=6 (full 0):
 def new generation   total 4928K, used 512K [0x03c00000, 0x04150000, 0x09150000)
  eden space 4416K,   0% used [0x03c00000, 0x03c00000, 0x04050000)
  from space 512K, 100% used [0x04050000, 0x040d0000, 0x040d0000)
  to   space 512K,   0% used [0x040d0000, 0x040d0000, 0x04150000)
 tenured generation   total 10944K, used 1985K [0x09150000, 0x09c00000, 0x13c00000)
   the space 10944K,  18% used [0x09150000, 0x09340770, 0x09340800, 0x09c00000)
 compacting perm gen  total 12288K, used 4784K [0x13c00000, 0x14800000, 0x17c00000)
   the space 12288K,  38% used [0x13c00000, 0x140ac0e8, 0x140ac200, 0x14800000)
No shared spaces configured.
}

